2025-02-18 20:34:12,438 - GeographGuardian - INFO - Starting data processing pipeline...
2025-02-18 20:34:12,438 - GeographGuardian - INFO - Processing products.csv...
2025-02-18 20:34:12,441 - GeographGuardian - INFO - Read products.csv with 3 rows
2025-02-18 20:34:12,446 - GeographGuardian - INFO - Saved processed products.csv
2025-02-18 20:34:12,446 - GeographGuardian - INFO - products.csv: ✓ (0.01s)
2025-02-18 20:34:12,446 - GeographGuardian - INFO - Processing product_parts.csv...
2025-02-18 20:34:12,447 - GeographGuardian - INFO - Read product_parts.csv with 16 rows
2025-02-18 20:34:12,449 - GeographGuardian - INFO - Saved processed product_parts.csv
2025-02-18 20:34:12,449 - GeographGuardian - INFO - product_parts.csv: ✓ (0.00s)
2025-02-18 20:34:12,449 - GeographGuardian - INFO - Processing supplier_master.csv...
2025-02-18 20:34:12,449 - GeographGuardian - INFO - Read supplier_master.csv with 15 rows
2025-02-18 20:34:12,451 - GeographGuardian - INFO - Saved processed supplier_master.csv
2025-02-18 20:34:12,451 - GeographGuardian - INFO - supplier_master.csv: ✓ (0.00s)
2025-02-18 20:34:12,451 - GeographGuardian - INFO - Processing supplier_parts.csv...
2025-02-18 20:34:12,452 - GeographGuardian - INFO - Read supplier_parts.csv with 24 rows
2025-02-18 20:34:12,453 - GeographGuardian - INFO - Saved processed supplier_parts.csv
2025-02-18 20:34:12,454 - GeographGuardian - INFO - supplier_parts.csv: ✓ (0.00s)
2025-02-18 20:34:12,454 - GeographGuardian - INFO - Processing purchase_orders.csv...
2025-02-18 20:34:12,454 - GeographGuardian - INFO - Read purchase_orders.csv with 15 rows
2025-02-18 20:34:12,457 - GeographGuardian - INFO - Saved processed purchase_orders.csv
2025-02-18 20:34:12,457 - GeographGuardian - INFO - purchase_orders.csv: ✓ (0.00s)
2025-02-18 20:34:12,457 - GeographGuardian - INFO - Processing supplier_risk_factors.csv...
2025-02-18 20:34:12,458 - GeographGuardian - INFO - Read supplier_risk_factors.csv with 15 rows
2025-02-18 20:34:12,459 - GeographGuardian - INFO - Saved processed supplier_risk_factors.csv
2025-02-18 20:34:12,459 - GeographGuardian - INFO - supplier_risk_factors.csv: ✓ (0.00s)
2025-02-18 20:34:12,459 - GeographGuardian - INFO - Processing part_dependencies.csv...
2025-02-18 20:34:12,460 - GeographGuardian - INFO - Read part_dependencies.csv with 14 rows
2025-02-18 20:34:12,462 - GeographGuardian - INFO - Saved processed part_dependencies.csv
2025-02-18 20:34:12,462 - GeographGuardian - INFO - part_dependencies.csv: ✓ (0.00s)
2025-02-18 20:34:12,462 - GeographGuardian - INFO - Processing inventory_current.csv...
2025-02-18 20:34:12,463 - GeographGuardian - INFO - Read inventory_current.csv with 16 rows
2025-02-18 20:34:12,464 - GeographGuardian - INFO - Saved processed inventory_current.csv
2025-02-18 20:34:12,464 - GeographGuardian - INFO - inventory_current.csv: ✓ (0.00s)
2025-02-18 20:34:12,464 - GeographGuardian - INFO - Processing inventory_transactions.csv...
2025-02-18 20:34:12,465 - GeographGuardian - INFO - Read inventory_transactions.csv with 20 rows
2025-02-18 20:34:12,467 - GeographGuardian - INFO - Saved processed inventory_transactions.csv
2025-02-18 20:34:12,467 - GeographGuardian - INFO - inventory_transactions.csv: ✓ (0.00s)
2025-02-18 20:34:12,467 - GeographGuardian - INFO - 
Processing Summary:
2025-02-18 20:34:12,467 - GeographGuardian - INFO - ==================================================
2025-02-18 20:34:12,467 - GeographGuardian - INFO - Total files processed: 9
2025-02-18 20:34:12,467 - GeographGuardian - INFO - Successful: 9
2025-02-18 20:34:12,467 - GeographGuardian - INFO - Failed: 0
2025-02-18 20:34:12,467 - GeographGuardian - INFO - Total time: 0.03 seconds
2025-02-18 20:34:12,467 - GeographGuardian - INFO - 
Detailed Results:
2025-02-18 20:34:12,467 - GeographGuardian - INFO - ==================================================
2025-02-18 20:34:12,467 - GeographGuardian - INFO - products.csv: ✓ (0.01 seconds)
2025-02-18 20:34:12,467 - GeographGuardian - INFO - product_parts.csv: ✓ (0.00 seconds)
2025-02-18 20:34:12,467 - GeographGuardian - INFO - supplier_master.csv: ✓ (0.00 seconds)
2025-02-18 20:34:12,467 - GeographGuardian - INFO - supplier_parts.csv: ✓ (0.00 seconds)
2025-02-18 20:34:12,467 - GeographGuardian - INFO - purchase_orders.csv: ✓ (0.00 seconds)
2025-02-18 20:34:12,467 - GeographGuardian - INFO - supplier_risk_factors.csv: ✓ (0.00 seconds)
2025-02-18 20:34:12,467 - GeographGuardian - INFO - part_dependencies.csv: ✓ (0.00 seconds)
2025-02-18 20:34:12,467 - GeographGuardian - INFO - inventory_current.csv: ✓ (0.00 seconds)
2025-02-18 20:34:12,467 - GeographGuardian - INFO - inventory_transactions.csv: ✓ (0.00 seconds)
2025-02-18 20:34:12,810 - GeographGuardian - INFO - Starting ArangoDB ingestion pipeline...
2025-02-18 20:34:12,817 - GeographGuardian - INFO - Dropping collection: risk_factors
2025-02-18 20:34:12,818 - GeographGuardian - INFO - Dropping collection: parts
2025-02-18 20:34:12,819 - GeographGuardian - INFO - Dropping collection: suppliers
2025-02-18 20:34:12,819 - GeographGuardian - INFO - Dropping collection: products
2025-02-18 20:34:12,820 - GeographGuardian - INFO - Dropping collection: inventory_transactions
2025-02-18 20:34:12,821 - GeographGuardian - INFO - Dropping collection: purchase_orders
2025-02-18 20:34:12,821 - GeographGuardian - INFO - Dropping collection: supplier_provides_part
2025-02-18 20:34:12,822 - GeographGuardian - INFO - Dropping collection: part_depends_on
2025-02-18 20:34:12,823 - GeographGuardian - INFO - Dropping collection: inventory
2025-02-18 20:34:12,824 - GeographGuardian - INFO - Database cleanup completed successfully
2025-02-18 20:34:12,826 - GeographGuardian - INFO - Read processed products.csv with 3 rows
2025-02-18 20:34:12,828 - GeographGuardian - INFO - Inserted batch of 3 documents
2025-02-18 20:34:12,831 - GeographGuardian - INFO - Read processed product_parts.csv with 16 rows
2025-02-18 20:34:12,834 - GeographGuardian - INFO - Inserted batch of 16 documents
2025-02-18 20:34:12,836 - GeographGuardian - INFO - Read processed supplier_master.csv with 15 rows
2025-02-18 20:34:12,839 - GeographGuardian - INFO - Inserted batch of 15 documents
2025-02-18 20:34:12,842 - GeographGuardian - INFO - Read processed purchase_orders.csv with 15 rows
2025-02-18 20:34:12,844 - GeographGuardian - INFO - Inserted batch of 15 documents
2025-02-18 20:34:12,848 - GeographGuardian - INFO - Read processed supplier_risk_factors.csv with 15 rows
2025-02-18 20:34:12,851 - GeographGuardian - INFO - Inserted batch of 15 documents
2025-02-18 20:34:12,853 - GeographGuardian - INFO - Read processed inventory_current.csv with 16 rows
2025-02-18 20:34:12,856 - GeographGuardian - INFO - Inserted batch of 16 documents
2025-02-18 20:34:12,859 - GeographGuardian - INFO - Read processed inventory_transactions.csv with 20 rows
2025-02-18 20:34:12,861 - GeographGuardian - INFO - Inserted batch of 20 documents
2025-02-18 20:34:12,864 - GeographGuardian - INFO - Read processed supplier_parts.csv with 24 rows
2025-02-18 20:34:12,868 - GeographGuardian - INFO - Inserted batch of 24 documents
2025-02-18 20:34:12,869 - GeographGuardian - INFO - Read processed part_dependencies.csv with 14 rows
2025-02-18 20:34:12,872 - GeographGuardian - INFO - Inserted batch of 14 documents
2025-02-18 20:34:12,872 - GeographGuardian - INFO - 
Ingestion Summary:
2025-02-18 20:34:12,872 - GeographGuardian - INFO - ==================================================
2025-02-18 20:34:12,872 - GeographGuardian - INFO - Total files processed: 9
2025-02-18 20:34:12,872 - GeographGuardian - INFO - Successful: 9
2025-02-18 20:34:12,873 - GeographGuardian - INFO - Failed: 0
2025-02-18 20:34:12,873 - GeographGuardian - INFO - Total time: 0.06 seconds
2025-02-18 20:34:12,873 - GeographGuardian - INFO - 
Detailed Results:
2025-02-18 20:34:12,873 - GeographGuardian - INFO - ==================================================
2025-02-18 20:34:12,873 - GeographGuardian - INFO - products.csv: ✓
2025-02-18 20:34:12,873 - GeographGuardian - INFO - product_parts.csv: ✓
2025-02-18 20:34:12,873 - GeographGuardian - INFO - supplier_master.csv: ✓
2025-02-18 20:34:12,873 - GeographGuardian - INFO - purchase_orders.csv: ✓
2025-02-18 20:34:12,873 - GeographGuardian - INFO - supplier_risk_factors.csv: ✓
2025-02-18 20:34:12,873 - GeographGuardian - INFO - inventory_current.csv: ✓
2025-02-18 20:34:12,873 - GeographGuardian - INFO - inventory_transactions.csv: ✓
2025-02-18 20:34:12,873 - GeographGuardian - INFO - supplier_parts.csv: ✓
2025-02-18 20:34:12,873 - GeographGuardian - INFO - part_dependencies.csv: ✓
2025-02-18 20:34:12,980 - GeographGuardian - INFO - Starting Data Validation...
2025-02-18 20:34:12,980 - GeographGuardian - INFO - 
=== Collection Counts ===
2025-02-18 20:34:12,980 - GeographGuardian - INFO - 
Vertices:
2025-02-18 20:34:12,981 - GeographGuardian - INFO - products: 3 documents
2025-02-18 20:34:12,982 - GeographGuardian - INFO - parts: 16 documents
2025-02-18 20:34:12,983 - GeographGuardian - INFO - suppliers: 15 documents
2025-02-18 20:34:12,983 - GeographGuardian - INFO - purchase_orders: 15 documents
2025-02-18 20:34:12,984 - GeographGuardian - INFO - risk_factors: 15 documents
2025-02-18 20:34:12,985 - GeographGuardian - INFO - inventory: 16 documents
2025-02-18 20:34:12,985 - GeographGuardian - INFO - inventory_transactions: 20 documents
2025-02-18 20:34:12,985 - GeographGuardian - INFO - 
Edges:
2025-02-18 20:34:12,986 - GeographGuardian - INFO - supplier_provides_part: 15 documents
2025-02-18 20:34:12,987 - GeographGuardian - INFO - part_depends_on: 10 documents
2025-02-18 20:34:12,987 - GeographGuardian - INFO - 
=== Relationship Validation ===
2025-02-18 20:34:12,988 - GeographGuardian - INFO - Supplier-Part Relationships:
2025-02-18 20:34:12,988 - GeographGuardian - INFO - Total relationships: 15
2025-02-18 20:34:12,988 - GeographGuardian - INFO - Unique suppliers: 15
2025-02-18 20:34:12,988 - GeographGuardian - INFO - Unique parts: 12
2025-02-18 20:34:12,988 - GeographGuardian - INFO - 
=== Purchase Orders Validation ===
2025-02-18 20:34:12,991 - GeographGuardian - INFO - Total POs: 15
2025-02-18 20:34:12,991 - GeographGuardian - INFO - Status Distribution:
2025-02-18 20:34:12,991 - GeographGuardian - INFO -   DELAYED: 1
2025-02-18 20:34:12,991 - GeographGuardian - INFO -   DELIVERED: 6
2025-02-18 20:34:12,991 - GeographGuardian - INFO -   IN_TRANSIT: 8
2025-02-18 20:34:12,991 - GeographGuardian - INFO - Undelivered Orders: 9
2025-02-18 20:34:12,991 - GeographGuardian - INFO - 
=== Inventory Validation ===
2025-02-18 20:34:12,992 - GeographGuardian - INFO - Total Inventory Records: 16
2025-02-18 20:34:12,992 - GeographGuardian - INFO - Low Stock Items: 16
2025-02-18 20:34:12,992 - GeographGuardian - INFO - Total Transactions: 20
2025-02-18 20:34:12,992 - GeographGuardian - INFO - Transaction Types:
2025-02-18 20:34:12,992 - GeographGuardian - INFO -   ISSUE: 13
2025-02-18 20:34:12,992 - GeographGuardian - INFO -   RECEIPT: 7
